<?xml version="1.0" encoding="UTF-8" ?>
<testsuite errors="0" failures="1" hostname="benjamins-Mac-mini.local" name="org.netbeans.modules.compapp.catd.ConfiguredTest" skipped="0" tests="1" time="3.59" timestamp="2015-11-22T13:57:54">
  <properties>
[...]
</properties>
  <testcase classname="org.netbeans.modules.compapp.catd.ConfiguredTest" name="TestCase1" time="3.574">
    <failure message="[Nov 22, 2015 8:57:57 AM] The response is not identical to the expected output." type="junit.framework.AssertionFailedError">junit.framework.AssertionFailedError: [Nov 22, 2015 8:57:57 AM] The response is not identical to the expected output.
	at org.netbeans.modules.compapp.catd.ConfiguredTest.checkExpectedOutput(ConfiguredTest.java:2354)
	at org.netbeans.modules.compapp.catd.ConfiguredTest.checkExpectedOutput(ConfiguredTest.java:2224)
	at org.netbeans.modules.compapp.catd.ConfiguredTest.testConcurrentSOAPRequest(ConfiguredTest.java:867)
</failure>
  </testcase>
  <system-out><![CDATA[GenerateATSOutput=${generate.ats.output}
NetBeansUserDir=/Users/BenGoodwin/Library/Application Support/OpenESB_Studio/3.1.0-SNAPSHOT
ServerPassword=admin
awt.toolkit=sun.lwawt.macosx.LWCToolkit
file.encoding=UTF-8
file.encoding.pkg=sun.io
file.separator=/
ftp.nonProxyHosts=local|*.local|169.254/16|*.169.254/16
gopherProxySet=false
http.nonProxyHosts=local|*.local|169.254/16|*.169.254/16
inDebug=${inDebug}
java.awt.graphicsenv=sun.awt.CGraphicsEnvironment
java.awt.headless=${java.awt.headless}
java.awt.printerjob=sun.lwawt.macosx.CPrinterJob
java.class.path=/usr/local/OpenESB-SE-3.0.5/OE-Studio/netbeans/soa/modules/org-netbeans-modules-compapp-manager-jbi.jar:/usr/local/OpenESB-SE-3.0.5/OE-Studio/netbeans/soa/modules/org-netbeans-modules-compapp-projects-jbi.jar:/usr/local/OpenESB-SE-3.0.5/OE-Studio/netbeans/soa/modules/ext/jbi-admin-common.jar:/usr/local/OpenESB-SE-3.0.5/OE-Studio/netbeans/soa/modules/ext/catd.jar:/usr/local/OpenESB-SE-3.0.5/OE-Studio/netbeans/java/modules/ext/junit-3.8.2.jar:/usr/local/OpenESB-SE-3.0.5/OE-Studio/netbeans/java/modules/ext/jaxws22/api/saaj-api.jar:/usr/local/OpenESB-SE-3.0.5/OE-Studio/netbeans/java/modules/ext/jaxws22/saaj-impl.jar:/usr/local/OpenESB-SE-3.0.5/OE-Studio/netbeans/java/modules/ext/jaxws22/FastInfoset.jar:/usr/local/OpenESB-SE-3.0.5/OE-Studio/netbeans/ide/modules/org-netbeans-modules-editor-lib.jar:/usr/local/OpenESB-SE-3.0.5/OE-Studio/netbeans/ide/modules/org-netbeans-modules-editor.jar:/usr/local/OpenESB-SE-3.0.5/OE-Studio/netbeans/ide/modules/org-netbeans-modules-editor-deprecated-pre65formatting.jar:/usr/local/OpenESB-SE-3.0.5/OE-Studio/netbeans/ide/modules/org-netbeans-modules-editor-util.jar:/usr/local/OpenESB-SE-3.0.5/OE-Studio/netbeans/ide/modules/org-netbeans-modules-editor-lib2.jar:/usr/local/OpenESB-SE-3.0.5/OE-Studio/netbeans/ide/modules/org-netbeans-modules-editor-indent.jar:/usr/local/OpenESB-SE-3.0.5/OE-Studio/netbeans/ide/modules/org-netbeans-modules-editor-plain.jar:/usr/local/OpenESB-SE-3.0.5/OE-Studio/netbeans/ide/modules/org-netbeans-modules-editor-plain-lib.jar:/usr/local/OpenESB-SE-3.0.5/OE-Studio/netbeans/ide/modules/org-netbeans-modules-editor-settings.jar:/usr/local/OpenESB-SE-3.0.5/OE-Studio/netbeans/ide/modules/org-netbeans-modules-editor-settings-storage.jar:/usr/local/OpenESB-SE-3.0.5/OE-Studio/netbeans/ide/modules/org-netbeans-modules-lexer.jar:/usr/local/OpenESB-SE-3.0.5/OE-Studio/netbeans/ide/modules/org-netbeans-modules-xml-core.jar:/usr/local/OpenESB-SE-3.0.5/OE-Studio/netbeans/ide/modules/org-netbeans-modules-xml-lexer.jar:/usr/local/OpenESB-SE-3.0.5/OE-Studio/netbeans/ide/modules/org-netbeans-modules-xml-text.jar:/usr/local/OpenESB-SE-3.0.5/OE-Studio/netbeans/ide/modules/org-netbeans-modules-xml-xdm.jar:/usr/local/OpenESB-SE-3.0.5/OE-Studio/netbeans/ide/modules/org-netbeans-modules-xml-xam.jar:/usr/local/OpenESB-SE-3.0.5/OE-Studio/netbeans/ide/modules/org-netbeans-modules-csl-api.jar:/usr/local/OpenESB-SE-3.0.5/OE-Studio/netbeans/ide/modules/ext/jaxb/activation.jar:/usr/local/OpenESB-SE-3.0.5/OE-Studio/netbeans/platform/lib/org-openide-modules.jar:/usr/local/OpenESB-SE-3.0.5/OE-Studio/netbeans/platform/lib/org-openide-util.jar:/usr/local/OpenESB-SE-3.0.5/OE-Studio/netbeans/platform/lib/org-openide-util-lookup.jar:/usr/local/OpenESB-SE-3.0.5/OE-Studio/netbeans/platform/modules/org-openide-awt.jar:/usr/local/OpenESB-SE-3.0.5/OE-Studio/netbeans/platform/modules/org-openide-options.jar:/usr/local/OpenESB-SE-3.0.5/OE-Studio/netbeans/platform/modules/org-openide-text.jar:/usr/local/OpenESB-SE-3.0.5/OE-Studio/netbeans/platform/modules/org-openide-loaders.jar:/usr/local/OpenESB-SE-3.0.5/OE-Studio/netbeans/platform/modules/org-openide-nodes.jar:/usr/local/OpenESB-SE-3.0.5/OE-Studio/netbeans/platform/modules/org-netbeans-modules-editor-mimelookup.jar:/usr/local/OpenESB-SE-3.0.5/OE-Studio/netbeans/platform/modules/org-netbeans-modules-editor-mimelookup-impl.jar:/usr/local/OpenESB-SE-3.0.5/OE-Studio/netbeans/platform/core/org-openide-filesystems.jar:/usr/local/OpenESB-SE-3.0.5/OE-Studio/netbeans/platform/modules/org-netbeans-modules-keyring.jar:/usr/local/OpenESB-SE-3.0.5/OE-Studio/netbeans/platform/modules/org-openide-dialogs.jar:/usr/local/OpenESB-SE-3.0.5/OE-Studio/netbeans/extide/ant/lib/ant-launcher.jar:/usr/local/OpenESB-SE-3.0.5/OE-Studio/netbeans/extide/ant/lib/ant.jar:/usr/local/OpenESB-SE-3.0.5/OE-Studio/netbeans/extide/ant/lib/ant-junit.jar:/usr/local/OpenESB-SE-3.0.5/OE-Studio/netbeans/extide/ant/lib/ant-junit4.jar
java.class.version=51.0
java.endorsed.dirs=/Library/Java/JavaVirtualMachines/jdk1.7.0_45.jdk/Contents/Home/jre/lib/endorsed
java.ext.dirs=/Users/BenGoodwin/Library/Java/Extensions:/Library/Java/JavaVirtualMachines/jdk1.7.0_45.jdk/Contents/Home/jre/lib/ext:/Library/Java/Extensions:/Network/Library/Java/Extensions:/System/Library/Java/Extensions:/usr/lib/java
java.home=/Library/Java/JavaVirtualMachines/jdk1.7.0_45.jdk/Contents/Home/jre
java.io.tmpdir=/var/folders/xm/gdf4xfjj69g6g9j_f6lg32jh0000gn/T/
java.library.path=/Users/BenGoodwin/Library/Java/Extensions:/Library/Java/Extensions:/Network/Library/Java/Extensions:/System/Library/Java/Extensions:/usr/lib/java:.
java.runtime.name=Java(TM) SE Runtime Environment
java.runtime.version=1.7.0_45-b18
java.specification.name=Java Platform API Specification
java.specification.vendor=Oracle Corporation
java.specification.version=1.7
java.vendor=Oracle Corporation
java.vendor.url=http://java.oracle.com/
java.vendor.url.bug=http://bugreport.sun.com/bugreport/
java.version=1.7.0_45
java.vm.info=mixed mode
java.vm.name=Java HotSpot(TM) 64-Bit Server VM
java.vm.specification.name=Java Virtual Machine Specification
java.vm.specification.vendor=Oracle Corporation
java.vm.specification.version=1.7
java.vm.vendor=Oracle Corporation
java.vm.version=24.45-b08
line.separator=

org.netbeans.modules.compapp.catd.context=
os.arch=x86_64
os.name=Mac OS X
os.version=10.11
path.separator=:
socksNonProxyHosts=local|*.local|169.254/16|*.169.254/16
sun.arch.data.model=64
sun.boot.class.path=/Library/Java/JavaVirtualMachines/jdk1.7.0_45.jdk/Contents/Home/jre/lib/resources.jar:/Library/Java/JavaVirtualMachines/jdk1.7.0_45.jdk/Contents/Home/jre/lib/rt.jar:/Library/Java/JavaVirtualMachines/jdk1.7.0_45.jdk/Contents/Home/jre/lib/sunrsasign.jar:/Library/Java/JavaVirtualMachines/jdk1.7.0_45.jdk/Contents/Home/jre/lib/jsse.jar:/Library/Java/JavaVirtualMachines/jdk1.7.0_45.jdk/Contents/Home/jre/lib/jce.jar:/Library/Java/JavaVirtualMachines/jdk1.7.0_45.jdk/Contents/Home/jre/lib/charsets.jar:/Library/Java/JavaVirtualMachines/jdk1.7.0_45.jdk/Contents/Home/jre/lib/jfr.jar:/Library/Java/JavaVirtualMachines/jdk1.7.0_45.jdk/Contents/Home/jre/lib/JObjC.jar:/Library/Java/JavaVirtualMachines/jdk1.7.0_45.jdk/Contents/Home/jre/classes
sun.boot.library.path=/Library/Java/JavaVirtualMachines/jdk1.7.0_45.jdk/Contents/Home/jre/lib
sun.cpu.endian=little
sun.cpu.isalist=
sun.io.unicode.encoding=UnicodeBig
sun.java.command=org.apache.tools.ant.taskdefs.optional.junit.JUnitTestRunner org.netbeans.modules.compapp.catd.ConfiguredTest skipNonTests=false filtertrace=true haltOnError=false haltOnFailure=false showoutput=true outputtoformatters=true logfailedtests=true threadid=0 logtestlistenerevents=true formatter=org.apache.tools.ant.taskdefs.optional.junit.BriefJUnitResultFormatter formatter=org.apache.tools.ant.taskdefs.optional.junit.XMLJUnitResultFormatter,/Users/BenGoodwin/git/nrel/Epri3App/test/results/TEST-org.netbeans.modules.compapp.catd.ConfiguredTest.xml crashfile=/var/folders/xm/gdf4xfjj69g6g9j_f6lg32jh0000gn/T/junitvmwatcher5171203688261120423.properties propsfile=/var/folders/xm/gdf4xfjj69g6g9j_f6lg32jh0000gn/T/junit5213949474925997447.properties
sun.java.launcher=SUN_STANDARD
sun.jnu.encoding=UTF-8
sun.management.compiler=HotSpot 64-Bit Tiered Compilers
sun.os.patch.level=unknown
user.country=US
user.dir=/Users/BenGoodwin/git/nrel/Epri3App
user.home=/Users/BenGoodwin
user.language=en
user.name=BenGoodwin
user.timezone=America/New_York
Test TestCase1\Concurrent.properties
  * Difference (Delete): #text
  * Difference (Add): #text
  * Difference (Delete): #text
  * Difference (Add): #text
  * Difference (Delete): #text
  * Difference (Add): #text
  * Difference (Delete): #text
  * Difference (Add): #text
  * Difference (Delete): #text
  * Difference (Add): #text
  * Difference (Delete): #text
  * Difference (Add): #text
 Failed. (Destination: http://localhost:8081/epriConnect/MaintOrderServiceCreate)
]]></system-out>
  <system-err><![CDATA[]]></system-err>
</testsuite>
